<?xml version="1.0" encoding="utf-8" standalone="no"?>
<!--This file represents the results of running a test suite-->
<test-results name="J:\ConsoleApplication1\bin\Release\ConsoleApplication1.exe" total="2" errors="0" failures="2" not-run="0" inconclusive="0" ignored="0" skipped="0" invalid="0" date="2011-08-17" time="10:00:10">
  <environment nunit-version="2.5.10.11092" clr-version="2.0.50727.3620" os-version="Microsoft Windows NT 5.1.2600 Service Pack 3" platform="Win32NT" cwd="J:\ConsoleApplication1\bin\Release" machine-name="EE113-ACER142" user="admin" user-domain="EE113-ACER142" />
  <culture-info current-culture="en-US" current-uiculture="en-US" />
  <test-suite type="Assembly" name="J:\ConsoleApplication1\bin\Release\ConsoleApplication1.exe" executed="True" result="Failure" success="False" time="0.063" asserts="0">
    <results>
      <test-suite type="Namespace" name="ConsoleApplication1" executed="True" result="Failure" success="False" time="0.063" asserts="0">
        <results>
          <test-suite type="TestFixture" name="AccountTest" executed="True" result="Failure" success="False" time="0.031" asserts="0">
            <results>
              <test-case name="ConsoleApplication1.AccountTest.TransferFunds" executed="True" result="Failure" success="False" time="0.031" asserts="1">
                <failure>
                  <message><![CDATA[  Expected: 250.0f
  But was:  150.0f
]]></message>
                  <stack-trace><![CDATA[at ConsoleApplication1.AccountTest.TransferFunds() in J:\ConsoleApplication1\Test.cs:line 32
]]></stack-trace>
                </failure>
              </test-case>
            </results>
          </test-suite>
          <test-suite type="TestFixture" name="Test" executed="True" result="Failure" success="False" time="0.016" asserts="0">
            <results>
              <test-case name="ConsoleApplication1.Test.TestUnit" executed="True" result="Failure" success="False" time="0.016" asserts="1">
                <failure>
                  <message><![CDATA[  Expected: 98
  But was:  102
]]></message>
                  <stack-trace><![CDATA[at ConsoleApplication1.Test.TestUnit() in J:\ConsoleApplication1\Test.cs:line 16
]]></stack-trace>
                </failure>
              </test-case>
            </results>
          </test-suite>
        </results>
      </test-suite>
    </results>
  </test-suite>
</test-results>