<?xml version="1.0" encoding="utf-8" standalone="no"?>
<!--This file represents the results of running a test suite-->
<test-results name="C:\Users\iSE7EN\Desktop\TicTacToe\bin\Debug\TicTacToe.exe" total="1" errors="0" failures="0" not-run="0" inconclusive="0" ignored="0" skipped="0" invalid="0" date="2011-08-19" time="11:23:50">
  <environment nunit-version="2.5.10.11092" clr-version="2.0.50727.4961" os-version="Microsoft Windows NT 6.1.7600.0" platform="Win32NT" cwd="C:\Program Files\NUnit 2.5.10\bin\net-2.0" machine-name="ISE7EN-PC" user="iSE7EN" user-domain="iSE7EN-PC" />
  <culture-info current-culture="en-US" current-uiculture="en-US" />
  <test-suite type="Assembly" name="C:\Users\iSE7EN\Desktop\TicTacToe\bin\Debug\TicTacToe.exe" executed="True" result="Success" success="True" time="0.073" asserts="0">
    <results>
      <test-suite type="Namespace" name="TicTacToe" executed="True" result="Success" success="True" time="0.072" asserts="0">
        <results>
          <test-suite type="TestFixture" name="TestGame" executed="True" result="Success" success="True" time="0.070" asserts="0">
            <results>
              <test-case name="TicTacToe.TestGame.Test_Check_Transverse" executed="True" result="Success" success="True" time="0.002" asserts="2" />
            </results>
          </test-suite>
        </results>
      </test-suite>
    </results>
  </test-suite>
</test-results>