<?xml version="1.0" encoding="utf-8" standalone="no"?>
<!--This file represents the results of running a test suite-->
<test-results name="F:\[[ JAV 1]]\TicTacToe\bin\Release\TicTacToe.exe" total="0" errors="0" failures="0" not-run="0" inconclusive="0" ignored="0" skipped="0" invalid="0" date="2011-08-19" time="01:47:44">
  <environment nunit-version="2.5.10.11092" clr-version="2.0.50727.5446" os-version="Microsoft Windows NT 6.1.7601 Service Pack 1" platform="Win32NT" cwd="C:\Program Files\NUnit 2.5.10\bin\net-2.0" machine-name="SANDYBRIDGE-PC" user="SandyBridge" user-domain="SandyBridge-PC" />
  <culture-info current-culture="th-TH" current-uiculture="en-US" />
  <test-suite type="Assembly" name="F:\[[ JAV 1]]\TicTacToe\bin\Release\TicTacToe.exe" executed="True" result="Inconclusive" success="False" time="0.000" asserts="0" />
</test-results>